<?xml version="1.0" encoding="utf-8"?>
<coverage line-rate="0.4285" branch-rate="0.4366" version="1.9" timestamp="1750540348" lines-covered="884" lines-valid="2063" branches-covered="269" branches-valid="616">
  <sources>
    <source>/home/neo/git/neo-price-feed/src/</source>
  </sources>
  <packages>
    <package name="PriceFeed.Infrastructure" line-rate="0.5418999999999999" branch-rate="0.5" complexity="503">
      <classes>
        <class name="PriceFeed.Infrastructure.Services.AttestationService" filename="PriceFeed.Infrastructure/Services/AttestationService.cs" line-rate="0.4571" branch-rate="0.8332999999999999" complexity="15">
          <methods>
            <method name="VerifyAccountAttestation" signature="(PriceFeed.Core.Models.AccountAttestationData)" line-rate="0" branch-rate="1" complexity="1">
              <lines>
                <line number="231" hits="0" branch="False" />
                <line number="233" hits="0" branch="False" />
                <line number="235" hits="0" branch="False" />
                <line number="238" hits="0" branch="False" />
                <line number="241" hits="0" branch="False" />
                <line number="244" hits="0" branch="False" />
                <line number="247" hits="0" branch="False" />
                <line number="249" hits="0" branch="False" />
                <line number="250" hits="0" branch="False" />
                <line number="251" hits="0" branch="False" />
                <line number="252" hits="0" branch="False" />
                <line number="254" hits="0" branch="False" />
              </lines>
            </method>
            <method name="VerifyPriceFeedAttestation" signature="(PriceFeed.Core.Models.PriceFeedAttestationData)" line-rate="0" branch-rate="1" complexity="1">
              <lines>
                <line number="262" hits="0" branch="False" />
                <line number="264" hits="0" branch="False" />
                <line number="266" hits="0" branch="False" />
                <line number="269" hits="0" branch="False" />
                <line number="272" hits="0" branch="False" />
                <line number="275" hits="0" branch="False" />
                <line number="278" hits="0" branch="False" />
                <line number="280" hits="0" branch="False" />
                <line number="281" hits="0" branch="False" />
                <line number="282" hits="0" branch="False" />
                <line number="283" hits="0" branch="False" />
                <line number="285" hits="0" branch="False" />
              </lines>
            </method>
            <method name="CleanupOldAttestationsAsync" signature="(System.Int32)" line-rate="0.5625" branch-rate="0.6666" complexity="6">
              <lines>
                <line number="293" hits="1" branch="False" />
                <line number="295" hits="1" branch="False" />
                <line number="296" hits="1" branch="False" />
                <line number="298" hits="1" branch="False" />
                <line number="299" hits="1" branch="True" condition-coverage="50% (1/2)">
                  <conditions>
                    <condition number="63" type="jump" coverage="50%" />
                  </conditions>
                </line>
                <line number="300" hits="0" branch="False" />
                <line number="301" hits="0" branch="False" />
                <line number="304" hits="1" branch="False" />
                <line number="305" hits="1" branch="False" />
                <line number="306" hits="1" branch="False" />
                <line number="308" hits="19" branch="True" condition-coverage="100% (2/2)">
                  <conditions>
                    <condition number="223" type="jump" coverage="100%" />
                  </conditions>
                </line>
                <line number="309" hits="8" branch="False" />
                <line number="311" hits="8" branch="False" />
                <line number="312" hits="8" branch="False" />
                <line number="313" hits="8" branch="True" condition-coverage="50% (1/2)">
                  <conditions>
                    <condition number="155" type="jump" coverage="50%" />
                  </conditions>
                </line>
                <line number="314" hits="0" branch="False" />
                <line number="315" hits="0" branch="False" />
                <line number="316" hits="0" branch="False" />
                <line number="317" hits="0" branch="False" />
                <line number="318" hits="8" branch="False" />
                <line number="319" hits="0" branch="False" />
                <line number="320" hits="0" branch="False" />
                <line number="321" hits="0" branch="False" />
                <line number="322" hits="0" branch="False" />
                <line number="323" hits="8" branch="False" />
                <line number="325" hits="1" branch="False" />
                <line number="326" hits="1" branch="False" />
                <line number="328" hits="0" branch="False" />
                <line number="329" hits="0" branch="False" />
                <line number="330" hits="0" branch="False" />
                <line number="331" hits="0" branch="False" />
                <line number="333" hits="1" branch="False" />
              </lines>
            </method>
            <method name="GenerateSignature" signature="(System.Object)" line-rate="1" branch-rate="1" complexity="6">
              <lines>
                <line number="341" hits="2" branch="False" />
                <line number="346" hits="2" branch="False" />
                <line number="350" hits="2" branch="True" condition-coverage="100% (2/2)">
                  <conditions>
                    <condition number="19" type="jump" coverage="100%" />
                  </conditions>
                </line>
                <line number="351" hits="2" branch="True" condition-coverage="100% (2/2)">
                  <conditions>
                    <condition number="39" type="jump" coverage="100%" />
                  </conditions>
                </line>
                <line number="352" hits="2" branch="True" condition-coverage="100% (2/2)">
                  <conditions>
                    <condition number="59" type="jump" coverage="100%" />
                  </conditions>
                </line>
                <line number="355" hits="2" branch="False" />
                <line number="358" hits="2" branch="False" />
                <line number="359" hits="2" branch="False" />
                <line number="362" hits="2" branch="False" />
                <line number="363" hits="2" branch="False" />
              </lines>
            </method>
            <method name=".ctor" signature="(Microsoft.Extensions.Logging.ILogger`1&lt;PriceFeed.Infrastructure.Services.AttestationService&gt;)" line-rate="1" branch-rate="1" complexity="1">
              <lines>
                <line number="24" hits="5" branch="False" />
                <line number="25" hits="5" branch="False" />
                <line number="26" hits="5" branch="False" />
                <line number="27" hits="5" branch="False" />
              </lines>
            </method>
          </methods>
          <lines>
            <line number="231" hits="0" branch="False" />
            <line number="233" hits="0" branch="False" />
            <line number="235" hits="0" branch="False" />
            <line number="238" hits="0" branch="False" />
            <line number="241" hits="0" branch="False" />
            <line number="244" hits="0" branch="False" />
            <line number="247" hits="0" branch="False" />
            <line number="249" hits="0" branch="False" />
            <line number="250" hits="0" branch="False" />
            <line number="251" hits="0" branch="False" />
            <line number="252" hits="0" branch="False" />
            <line number="254" hits="0" branch="False" />
            <line number="262" hits="0" branch="False" />
            <line number="264" hits="0" branch="False" />
            <line number="266" hits="0" branch="False" />
            <line number="269" hits="0" branch="False" />
            <line number="272" hits="0" branch="False" />
            <line number="275" hits="0" branch="False" />
            <line number="278" hits="0" branch="False" />
            <line number="280" hits="0" branch="False" />
            <line number="281" hits="0" branch="False" />
            <line number="282" hits="0" branch="False" />
            <line number="283" hits="0" branch="False" />
            <line number="285" hits="0" branch="False" />
            <line number="293" hits="1" branch="False" />
            <line number="295" hits="1" branch="False" />
            <line number="296" hits="1" branch="False" />
            <line number="298" hits="1" branch="False" />
            <line number="299" hits="1" branch="True" condition-coverage="50% (1/2)">
              <conditions>
                <condition number="63" type="jump" coverage="50%" />
              </conditions>
            </line>
            <line number="300" hits="0" branch="False" />
            <line number="301" hits="0" branch="False" />
            <line number="304" hits="1" branch="False" />
            <line number="305" hits="1" branch="False" />
            <line number="306" hits="1" branch="False" />
            <line number="308" hits="19" branch="True" condition-coverage="100% (2/2)">
              <conditions>
                <condition number="223" type="jump" coverage="100%" />
              </conditions>
            </line>
            <line number="309" hits="8" branch="False" />
            <line number="311" hits="8" branch="False" />
            <line number="312" hits="8" branch="False" />
            <line number="313" hits="8" branch="True" condition-coverage="50% (1/2)">
              <conditions>
                <condition number="155" type="jump" coverage="50%" />
              </conditions>
            </line>
            <line number="314" hits="0" branch="False" />
            <line number="315" hits="0" branch="False" />
            <line number="316" hits="0" branch="False" />
            <line number="317" hits="0" branch="False" />
            <line number="318" hits="8" branch="False" />
            <line number="319" hits="0" branch="False" />
            <line number="320" hits="0" branch="False" />
            <line number="321" hits="0" branch="False" />
            <line number="322" hits="0" branch="False" />
            <line number="323" hits="8" branch="False" />
            <line number="325" hits="1" branch="False" />
            <line number="326" hits="1" branch="False" />
            <line number="328" hits="0" branch="False" />
            <line number="329" hits="0" branch="False" />
            <line number="330" hits="0" branch="False" />
            <line number="331" hits="0" branch="False" />
            <line number="333" hits="1" branch="False" />
            <line number="341" hits="2" branch="False" />
            <line number="346" hits="2" branch="False" />
            <line number="350" hits="2" branch="True" condition-coverage="100% (2/2)">
              <conditions>
                <condition number="19" type="jump" coverage="100%" />
              </conditions>
            </line>
            <line number="351" hits="2" branch="True" condition-coverage="100% (2/2)">
              <conditions>
                <condition number="39" type="jump" coverage="100%" />
              </conditions>
            </line>
            <line number="352" hits="2" branch="True" condition-coverage="100% (2/2)">
              <conditions>
                <condition number="59" type="jump" coverage="100%" />
              </conditions>
            </line>
            <line number="355" hits="2" branch="False" />
            <line number="358" hits="2" branch="False" />
            <line number="359" hits="2" branch="False" />
            <line number="362" hits="2" branch="False" />
            <line number="363" hits="2" branch="False" />
            <line number="24" hits="5" branch="False" />
            <line number="25" hits="5" branch="False" />
            <line number="26" hits="5" branch="False" />
            <line number="27" hits="5" branch="False" />
          </lines>
        </class>
        <class name="PriceFeed.Infrastructure.Services.AttestationService/&lt;CreateAccountAttestationAsync&gt;d__2" filename="PriceFeed.Infrastructure/Services/AttestationService.cs" line-rate="0.8823000000000001" branch-rate="0.8332999999999999" complexity="12">
          <methods>
            <method name="MoveNext" signature="()" line-rate="0.8823000000000001" branch-rate="0.8332999999999999" complexity="12">
              <lines>
                <line number="36" hits="1" branch="False" />
                <line number="38" hits="1" branch="False" />
                <line number="39" hits="1" branch="False" />
                <line number="42" hits="1" branch="True" condition-coverage="100% (2/2)">
                  <conditions>
                    <condition number="76" type="jump" coverage="100%" />
                  </conditions>
                </line>
                <line number="43" hits="1" branch="True" condition-coverage="100% (2/2)">
                  <conditions>
                    <condition number="101" type="jump" coverage="100%" />
                  </conditions>
                </line>
                <line number="44" hits="1" branch="True" condition-coverage="100% (2/2)">
                  <conditions>
                    <condition number="126" type="jump" coverage="100%" />
                  </conditions>
                </line>
                <line number="45" hits="1" branch="True" condition-coverage="100% (2/2)">
                  <conditions>
                    <condition number="151" type="jump" coverage="100%" />
                  </conditions>
                </line>
                <line number="48" hits="1" branch="False" />
                <line number="49" hits="1" branch="True" condition-coverage="50% (1/2)">
                  <conditions>
                    <condition number="192" type="jump" coverage="50%" />
                  </conditions>
                </line>
                <line number="50" hits="1" branch="True" condition-coverage="50% (1/2)">
                  <conditions>
                    <condition number="224" type="jump" coverage="50%" />
                  </conditions>
                </line>
                <line number="53" hits="1" branch="False" />
                <line number="54" hits="1" branch="False" />
                <line number="55" hits="1" branch="False" />
                <line number="56" hits="1" branch="False" />
                <line number="57" hits="1" branch="False" />
                <line number="58" hits="1" branch="False" />
                <line number="59" hits="1" branch="False" />
                <line number="60" hits="1" branch="False" />
                <line number="61" hits="1" branch="False" />
                <line number="62" hits="1" branch="False" />
                <line number="63" hits="1" branch="False" />
                <line number="64" hits="1" branch="False" />
                <line number="67" hits="1" branch="False" />
                <line number="70" hits="1" branch="False" />
                <line number="71" hits="1" branch="False" />
                <line number="74" hits="1" branch="False" />
                <line number="77" hits="1" branch="False" />
                <line number="79" hits="1" branch="False" />
                <line number="81" hits="1" branch="False" />
                <line number="83" hits="0" branch="False" />
                <line number="84" hits="0" branch="False" />
                <line number="85" hits="0" branch="False" />
                <line number="86" hits="0" branch="False" />
                <line number="88" hits="1" branch="False" />
              </lines>
            </method>
          </methods>
          <lines>
            <line number="36" hits="1" branch="False" />
            <line number="38" hits="1" branch="False" />
            <line number="39" hits="1" branch="False" />
            <line number="42" hits="1" branch="True" condition-coverage="100% (2/2)">
              <conditions>
                <condition number="76" type="jump" coverage="100%" />
              </conditions>
            </line>
            <line number="43" hits="1" branch="True" condition-coverage="100% (2/2)">
              <conditions>
                <condition number="101" type="jump" coverage="100%" />
              </conditions>
            </line>
            <line number="44" hits="1" branch="True" condition-coverage="100% (2/2)">
              <conditions>
                <condition number="126" type="jump" coverage="100%" />
              </conditions>
            </line>
            <line number="45" hits="1" branch="True" condition-coverage="100% (2/2)">
              <conditions>
                <condition number="151" type="jump" coverage="100%" />
              </conditions>
            </line>
            <line number="48" hits="1" branch="False" />
            <line number="49" hits="1" branch="True" condition-coverage="50% (1/2)">
              <conditions>
                <condition number="192" type="jump" coverage="50%" />
              </conditions>
            </line>
            <line number="50" hits="1" branch="True" condition-coverage="50% (1/2)">
              <conditions>
                <condition number="224" type="jump" coverage="50%" />
              </conditions>
            </line>
            <line number="53" hits="1" branch="False" />
            <line number="54" hits="1" branch="False" />
            <line number="55" hits="1" branch="False" />
            <line number="56" hits="1" branch="False" />
            <line number="57" hits="1" branch="False" />
            <line number="58" hits="1" branch="False" />
            <line number="59" hits="1" branch="False" />
            <line number="60" hits="1" branch="False" />
            <line number="61" hits="1" branch="False" />
            <line number="62" hits="1" branch="False" />
            <line number="63" hits="1" branch="False" />
            <line number="64" hits="1" branch="False" />
            <line number="67" hits="1" branch="False" />
            <line number="70" hits="1" branch="False" />
            <line number="71" hits="1" branch="False" />
            <line number="74" hits="1" branch="False" />
            <line number="77" hits="1" branch="False" />
            <line number="79" hits="1" branch="False" />
            <line number="81" hits="1" branch="False" />
            <line number="83" hits="0" branch="False" />
            <line number="84" hits="0" branch="False" />
            <line number="85" hits="0" branch="False" />
            <line number="86" hits="0" branch="False" />
            <line number="88" hits="1" branch="False" />
          </lines>
        </class>
        <class name="PriceFeed.Infrastructure.Services.AttestationService/&lt;CreateAccountAttestationAsync&gt;d__3" filename="PriceFeed.Infrastructure/Services/AttestationService.cs" line-rate="0" branch-rate="1" complexity="1">
          <methods>
            <method name="MoveNext" signature="()" line-rate="0" branch-rate="1" complexity="1">
              <lines>
                <line number="107" hits="0" branch="False" />
                <line number="109" hits="0" branch="False" />
                <line number="110" hits="0" branch="False" />
                <line number="113" hits="0" branch="False" />
                <line number="114" hits="0" branch="False" />
                <line number="115" hits="0" branch="False" />
                <line number="116" hits="0" branch="False" />
                <line number="117" hits="0" branch="False" />
                <line number="118" hits="0" branch="False" />
                <line number="119" hits="0" branch="False" />
                <line number="120" hits="0" branch="False" />
                <line number="121" hits="0" branch="False" />
                <line number="122" hits="0" branch="False" />
                <line number="123" hits="0" branch="False" />
                <line number="124" hits="0" branch="False" />
                <line number="127" hits="0" branch="False" />
                <line number="130" hits="0" branch="False" />
                <line number="131" hits="0" branch="False" />
                <line number="134" hits="0" branch="False" />
                <line number="137" hits="0" branch="False" />
                <line number="139" hits="0" branch="False" />
                <line number="141" hits="0" branch="False" />
                <line number="143" hits="0" branch="False" />
                <line number="144" hits="0" branch="False" />
                <line number="145" hits="0" branch="False" />
                <line number="146" hits="0" branch="False" />
                <line number="148" hits="0" branch="False" />
              </lines>
            </method>
          </methods>
          <lines>
            <line number="107" hits="0" branch="False" />
            <line number="109" hits="0" branch="False" />
            <line number="110" hits="0" branch="False" />
            <line number="113" hits="0" branch="False" />
            <line number="114" hits="0" branch="False" />
            <line number="115" hits="0" branch="False" />
            <line number="116" hits="0" branch="False" />
            <line number="117" hits="0" branch="False" />
            <line number="118" hits="0" branch="False" />
            <line number="119" hits="0" branch="False" />
            <line number="120" hits="0" branch="False" />
            <line number="121" hits="0" branch="False" />
            <line number="122" hits="0" branch="False" />
            <line number="123" hits="0" branch="False" />
            <line number="124" hits="0" branch="False" />
            <line number="127" hits="0" branch="False" />
            <line number="130" hits="0" branch="False" />
            <line number="131" hits="0" branch="False" />
            <line number="134" hits="0" branch="False" />
            <line number="137" hits="0" branch="False" />
            <line number="139" hits="0" branch="False" />
            <line number="141" hits="0" branch="False" />
            <line number="143" hits="0" branch="False" />
            <line number="144" hits="0" branch="False" />
            <line number="145" hits="0" branch="False" />
            <line number="146" hits="0" branch="False" />
            <line number="148" hits="0" branch="False" />
          </lines>
        </class>
        <class name="PriceFeed.Infrastructure.Services.AttestationService/&lt;CreatePriceFeedAttestationAsync&gt;d__4" filename="PriceFeed.Infrastructure/Services/AttestationService.cs" line-rate="0.8946999999999999" branch-rate="1" complexity="2">
          <methods>
            <method name="MoveNext" signature="()" line-rate="0.8946999999999999" branch-rate="1" complexity="2">
              <lines>
                <line number="169" hits="1" branch="False" />
                <line number="171" hits="1" branch="False" />
                <line number="172" hits="1" branch="False" />
                <line number="175" hits="1" branch="False" />
                <line number="176" hits="1" branch="False" />
                <line number="177" hits="1" branch="False" />
                <line number="178" hits="1" branch="False" />
                <line number="179" hits="1" branch="False" />
                <line number="180" hits="1" branch="False" />
                <line number="181" hits="1" branch="False" />
                <line number="182" hits="1" branch="False" />
                <line number="183" hits="1" branch="False" />
                <line number="184" hits="1" branch="False" />
                <line number="185" hits="1" branch="False" />
                <line number="186" hits="1" branch="False" />
                <line number="187" hits="1" branch="False" />
                <line number="190" hits="5" branch="True" condition-coverage="100% (2/2)">
                  <conditions>
                    <condition number="401" type="jump" coverage="100%" />
                  </conditions>
                </line>
                <line number="191" hits="1" branch="False" />
                <line number="192" hits="1" branch="False" />
                <line number="193" hits="1" branch="False" />
                <line number="194" hits="1" branch="False" />
                <line number="195" hits="1" branch="False" />
                <line number="196" hits="1" branch="False" />
                <line number="197" hits="1" branch="False" />
                <line number="198" hits="1" branch="False" />
                <line number="201" hits="1" branch="False" />
                <line number="204" hits="1" branch="False" />
                <line number="205" hits="1" branch="False" />
                <line number="208" hits="1" branch="False" />
                <line number="211" hits="1" branch="False" />
                <line number="212" hits="1" branch="False" />
                <line number="214" hits="1" branch="False" />
                <line number="216" hits="1" branch="False" />
                <line number="218" hits="0" branch="False" />
                <line number="219" hits="0" branch="False" />
                <line number="220" hits="0" branch="False" />
                <line number="221" hits="0" branch="False" />
                <line number="223" hits="1" branch="False" />
              </lines>
            </method>
          </methods>
          <lines>
            <line number="169" hits="1" branch="False" />
            <line number="171" hits="1" branch="False" />
            <line number="172" hits="1" branch="False" />
            <line number="175" hits="1" branch="False" />
            <line number="176" hits="1" branch="False" />
            <line number="177" hits="1" branch="False" />
            <line number="178" hits="1" branch="False" />
            <line number="179" hits="1" branch="False" />
            <line number="180" hits="1" branch="False" />
            <line number="181" hits="1" branch="False" />
            <line number="182" hits="1" branch="False" />
            <line number="183" hits="1" branch="False" />
            <line number="184" hits="1" branch="False" />
            <line number="185" hits="1" branch="False" />
            <line number="186" hits="1" branch="False" />
            <line number="187" hits="1" branch="False" />
            <line number="190" hits="5" branch="True" condition-coverage="100% (2/2)">
              <conditions>
                <condition number="401" type="jump" coverage="100%" />
              </conditions>
            </line>
            <line number="191" hits="1" branch="False" />
            <line number="192" hits="1" branch="False" />
            <line number="193" hits="1" branch="False" />
            <line number="194" hits="1" branch="False" />
            <line number="195" hits="1" branch="False" />
            <line number="196" hits="1" branch="False" />
            <line number="197" hits="1" branch="False" />
            <line number="198" hits="1" branch="False" />
            <line number="201" hits="1" branch="False" />
            <line number="204" hits="1" branch="False" />
            <line number="205" hits="1" branch="False" />
            <line number="208" hits="1" branch="False" />
            <line number="211" hits="1" branch="False" />
            <line number="212" hits="1" branch="False" />
            <line number="214" hits="1" branch="False" />
            <line number="216" hits="1" branch="False" />
            <line number="218" hits="0" branch="False" />
            <line number="219" hits="0" branch="False" />
            <line number="220" hits="0" branch="False" />
            <line number="221" hits="0" branch="False" />
            <line number="223" hits="1" branch="False" />
          </lines>
        </class>
        <class name="PriceFeed.Infrastructure.Services.BatchProcessingService" filename="PriceFeed.Infrastructure/Services/BatchProcessingService.cs" line-rate="0.25" branch-rate="0.0909" complexity="46">
          <methods>
            <method name="GetBatchStatusAsync" signature="(System.Guid)" line-rate="0" branch-rate="0" complexity="2">
              <lines>
                <line number="260" hits="0" branch="False" />
                <line number="261" hits="0" branch="True" condition-coverage="0% (0/2)">
                  <conditions>
                    <condition number="17" type="jump" coverage="0%" />
                  </conditions>
                </line>
                <line number="262" hits="0" branch="False" />
                <line number="263" hits="0" branch="False" />
                <line number="266" hits="0" branch="False" />
                <line number="267" hits="0" branch="False" />
              </lines>
            </method>
            <method name="SplitBatch" signature="(PriceFeed.Core.Models.PriceBatch)" line-rate="1" branch-rate="1" complexity="4">
              <lines>
                <line number="275" hits="6" branch="False" />
                <line number="276" hits="6" branch="True" condition-coverage="100% (2/2)">
                  <conditions>
                    <condition number="30" type="jump" coverage="100%" />
                  </conditions>
                </line>
                <line number="277" hits="5" branch="False" />
                <line number="278" hits="5" branch="False" />
                <line number="281" hits="1" branch="False" />
                <line number="283" hits="6" branch="True" condition-coverage="100% (2/2)">
                  <conditions>
                    <condition number="175" type="jump" coverage="100%" />
                  </conditions>
                </line>
                <line number="284" hits="2" branch="False" />
                <line number="285" hits="2" branch="False" />
                <line number="286" hits="2" branch="False" />
                <line number="287" hits="2" branch="False" />
                <line number="288" hits="2" branch="False" />
                <line number="289" hits="2" branch="False" />
                <line number="290" hits="2" branch="False" />
                <line number="292" hits="2" branch="False" />
                <line number="293" hits="2" branch="False" />
                <line number="295" hits="1" branch="False" />
                <line number="296" hits="6" branch="False" />
              </lines>
            </method>
            <method name="SignTransaction" signature="(System.String)" line-rate="0" branch-rate="0" complexity="38">
              <lines>
                <line number="387" hits="0" branch="False" />
                <line number="392" hits="0" branch="False" />
                <line number="394" hits="0" branch="True" condition-coverage="0% (0/4)">
                  <conditions>
                    <condition number="18" type="jump" coverage="0%" />
                    <condition number="43" type="jump" coverage="0%" />
                  </conditions>
                </line>
                <line number="395" hits="0" branch="False" />
                <line number="396" hits="0" branch="False" />
                <line number="399" hits="0" branch="True" condition-coverage="0% (0/4)">
                  <conditions>
                    <condition number="73" type="jump" coverage="0%" />
                    <condition number="98" type="jump" coverage="0%" />
                  </conditions>
                </line>
                <line number="400" hits="0" branch="False" />
                <line number="401" hits="0" branch="False" />
                <line number="405" hits="0" branch="False" />
                <line number="408" hits="0" branch="False" />
                <line number="409" hits="0" branch="False" />
                <line number="412" hits="0" branch="True" condition-coverage="0% (0/6)">
                  <conditions>
                    <condition number="168" type="jump" coverage="0%" />
                    <condition number="228" type="jump" coverage="0%" />
                    <condition number="238" type="jump" coverage="0%" />
                  </conditions>
                </line>
                <line number="413" hits="0" branch="True" condition-coverage="0% (0/6)">
                  <conditions>
                    <condition number="322" type="jump" coverage="0%" />
                    <condition number="382" type="jump" coverage="0%" />
                    <condition number="392" type="jump" coverage="0%" />
                  </conditions>
                </line>
                <line number="414" hits="0" branch="True" condition-coverage="0% (0/6)">
                  <conditions>
                    <condition number="477" type="jump" coverage="0%" />
                    <condition number="537" type="jump" coverage="0%" />
                    <condition number="547" type="jump" coverage="0%" />
                  </conditions>
                </line>
                <line number="415" hits="0" branch="True" condition-coverage="0% (0/10)">
                  <conditions>
                    <condition number="632" type="jump" coverage="0%" />
                    <condition number="692" type="jump" coverage="0%" />
                    <condition number="705" type="jump" coverage="0%" />
                    <condition number="782" type="jump" coverage="0%" />
                    <condition number="792" type="jump" coverage="0%" />
                  </conditions>
                </line>
                <line number="418" hits="0" branch="True" condition-coverage="0% (0/2)">
                  <conditions>
                    <condition number="1058" type="jump" coverage="0%" />
                  </conditions>
                </line>
                <line number="419" hits="0" branch="False" />
                <line number="420" hits="0" branch="False" />
                <line number="421" hits="0" branch="False" />
                <line number="422" hits="0" branch="False" />
                <line number="423" hits="0" branch="False" />
                <line number="424" hits="0" branch="False" />
                <line number="425" hits="0" branch="False" />
                <line number="426" hits="0" branch="False" />
                <line number="427" hits="0" branch="False" />
                <line number="428" hits="0" branch="False" />
                <line number="429" hits="0" branch="False" />
                <line number="430" hits="0" branch="False" />
                <line number="431" hits="0" branch="False" />
                <line number="432" hits="0" branch="False" />
                <line number="433" hits="0" branch="False" />
                <line number="434" hits="0" branch="False" />
                <line number="435" hits="0" branch="False" />
                <line number="436" hits="0" branch="False" />
                <line number="437" hits="0" branch="False" />
                <line number="438" hits="0" branch="False" />
                <line number="439" hits="0" branch="False" />
                <line number="440" hits="0" branch="False" />
                <line number="441" hits="0" branch="False" />
                <line number="446" hits="0" branch="False" />
                <line number="449" hits="0" branch="False" />
                <line number="450" hits="0" branch="False" />
                <line number="451" hits="0" branch="False" />
                <line number="452" hits="0" branch="False" />
                <line number="453" hits="0" branch="False" />
                <line number="454" hits="0" branch="False" />
                <line number="455" hits="0" branch="False" />
                <line number="456" hits="0" branch="False" />
                <line number="459" hits="0" branch="False" />
                <line number="460" hits="0" branch="False" />
                <line number="461" hits="0" branch="False" />
                <line number="462" hits="0" branch="False" />
                <line number="463" hits="0" branch="False" />
                <line number="464" hits="0" branch="False" />
                <line number="465" hits="0" branch="False" />
                <line number="466" hits="0" branch="False" />
                <line number="467" hits="0" branch="False" />
                <line number="470" hits="0" branch="False" />
                <line number="476" hits="0" branch="False" />
                <line number="477" hits="0" branch="False" />
                <line number="478" hits="0" branch="False" />
                <line number="479" hits="0" branch="False" />
                <line number="480" hits="0" branch="False" />
                <line number="481" hits="0" branch="False" />
                <line number="482" hits="0" branch="False" />
                <line number="483" hits="0" branch="False" />
                <line number="484" hits="0" branch="False" />
                <line number="485" hits="0" branch="False" />
                <line number="486" hits="0" branch="False" />
                <line number="487" hits="0" branch="False" />
                <line number="488" hits="0" branch="False" />
                <line number="489" hits="0" branch="False" />
                <line number="490" hits="0" branch="False" />
                <line number="491" hits="0" branch="False" />
                <line number="492" hits="0" branch="False" />
                <line number="493" hits="0" branch="False" />
                <line number="494" hits="0" branch="False" />
                <line number="495" hits="0" branch="False" />
                <line number="498" hits="0" branch="False" />
                <line number="500" hits="0" branch="False" />
                <line number="501" hits="0" branch="False" />
                <line number="502" hits="0" branch="False" />
                <line number="503" hits="0" branch="False" />
                <line number="505" hits="0" branch="False" />
              </lines>
            </method>
            <method name="Dispose" signature="()" line-rate="0" branch-rate="1" complexity="1">
              <lines>
                <line number="693" hits="0" branch="False" />
                <line number="694" hits="0" branch="False" />
                <line number="695" hits="0" branch="False" />
              </lines>
            </method>
            <method name=".ctor" signature="(Microsoft.Extensions.Logging.ILogger`1&lt;PriceFeed.Infrastructure.Services.BatchProcessingService&gt;,Microsoft.Extensions.Options.IOptions`1&lt;PriceFeed.Core.Options.BatchProcessingOptions&gt;,System.Net.Http.IHttpClientFactory,PriceFeed.Core.Interfaces.IAttestationService)" line-rate="1" branch-rate="1" complexity="1">
              <lines>
                <line number="28" hits="7" branch="False" />
                <line number="29" hits="7" branch="False" />
                <line number="37" hits="7" branch="False" />
                <line number="38" hits="7" branch="False" />
                <line number="39" hits="7" branch="False" />
                <line number="40" hits="7" branch="False" />
                <line number="41" hits="7" branch="False" />
                <line number="42" hits="7" branch="False" />
                <line number="43" hits="7" branch="False" />
                <line number="44" hits="7" branch="False" />
                <line number="45" hits="7" branch="False" />
                <line number="46" hits="7" branch="False" />
                <line number="47" hits="7" branch="False" />
                <line number="48" hits="7" branch="False" />
              </lines>
            </method>
          </methods>
          <lines>
            <line number="260" hits="0" branch="False" />
            <line number="261" hits="0" branch="True" condition-coverage="0% (0/2)">
              <conditions>
                <condition number="17" type="jump" coverage="0%" />
              </conditions>
            </line>
            <line number="262" hits="0" branch="False" />
            <line number="263" hits="0" branch="False" />
            <line number="266" hits="0" branch="False" />
            <line number="267" hits="0" branch="False" />
            <line number="275" hits="6" branch="False" />
            <line number="276" hits="6" branch="True" condition-coverage="100% (2/2)">
              <conditions>
                <condition number="30" type="jump" coverage="100%" />
              </conditions>
            </line>
            <line number="277" hits="5" branch="False" />
            <line number="278" hits="5" branch="False" />
            <line number="281" hits="1" branch="False" />
            <line number="283" hits="6" branch="True" condition-coverage="100% (2/2)">
              <conditions>
                <condition number="175" type="jump" coverage="100%" />
              </conditions>
            </line>
            <line number="284" hits="2" branch="False" />
            <line number="285" hits="2" branch="False" />
            <line number="286" hits="2" branch="False" />
            <line number="287" hits="2" branch="False" />
            <line number="288" hits="2" branch="False" />
            <line number="289" hits="2" branch="False" />
            <line number="290" hits="2" branch="False" />
            <line number="292" hits="2" branch="False" />
            <line number="293" hits="2" branch="False" />
            <line number="295" hits="1" branch="False" />
            <line number="296" hits="6" branch="False" />
            <line number="387" hits="0" branch="False" />
            <line number="392" hits="0" branch="False" />
            <line number="394" hits="0" branch="True" condition-coverage="0% (0/4)">
              <conditions>
                <condition number="18" type="jump" coverage="0%" />
                <condition number="43" type="jump" coverage="0%" />
              </conditions>
            </line>
            <line number="395" hits="0" branch="False" />
            <line number="396" hits="0" branch="False" />
            <line number="399" hits="0" branch="True" condition-coverage="0% (0/4)">
              <conditions>
                <condition number="73" type="jump" coverage="0%" />
                <condition number="98" type="jump" coverage="0%" />
              </conditions>
            </line>
            <line number="400" hits="0" branch="False" />
            <line number="401" hits="0" branch="False" />
            <line number="405" hits="0" branch="False" />
            <line number="408" hits="0" branch="False" />
            <line number="409" hits="0" branch="False" />
            <line number="412" hits="0" branch="True" condition-coverage="0% (0/6)">
              <conditions>
                <condition number="168" type="jump" coverage="0%" />
                <condition number="228" type="jump" coverage="0%" />
                <condition number="238" type="jump" coverage="0%" />
              </conditions>
            </line>
            <line number="413" hits="0" branch="True" condition-coverage="0% (0/6)">
              <conditions>
                <condition number="322" type="jump" coverage="0%" />
                <condition number="382" type="jump" coverage="0%" />
                <condition number="392" type="jump" coverage="0%" />
              </conditions>
            </line>
            <line number="414" hits="0" branch="True" condition-coverage="0% (0/6)">
              <conditions>
                <condition number="477" type="jump" coverage="0%" />
                <condition number="537" type="jump" coverage="0%" />
                <condition number="547" type="jump" coverage="0%" />
              </conditions>
            </line>
            <line number="415" hits="0" branch="True" condition-coverage="0% (0/10)">
              <conditions>
                <condition number="632" type="jump" coverage="0%" />
                <condition number="692" type="jump" coverage="0%" />
                <condition number="705" type="jump" coverage="0%" />
                <condition number="782" type="jump" coverage="0%" />
                <condition number="792" type="jump" coverage="0%" />
              </conditions>
            </line>
            <line number="418" hits="0" branch="True" condition-coverage="0% (0/2)">
              <conditions>
                <condition number="1058" type="jump" coverage="0%" />
              </conditions>
            </line>
            <line number="419" hits="0" branch="False" />
            <line number="420" hits="0" branch="False" />
            <line number="421" hits="0" branch="False" />
            <line number="422" hits="0" branch="False" />
            <line number="423" hits="0" branch="False" />
            <line number="424" hits="0" branch="False" />
            <line number="425" hits="0" branch="False" />
            <line number="426" hits="0" branch="False" />
            <line number="427" hits="0" branch="False" />
            <line number="428" hits="0" branch="False" />
            <line number="429" hits="0" branch="False" />
            <line number="430" hits="0" branch="False" />
            <line number="431" hits="0" branch="False" />
            <line number="432" hits="0" branch="False" />
            <line number="433" hits="0" branch="False" />
            <line number="434" hits="0" branch="False" />
            <line number="435" hits="0" branch="False" />
            <line number="436" hits="0" branch="False" />
            <line number="437" hits="0" branch="False" />
            <line number="438" hits="0" branch="False" />
            <line number="439" hits="0" branch="False" />
            <line number="440" hits="0" branch="False" />
            <line number="441" hits="0" branch="False" />
            <line number="446" hits="0" branch="False" />
            <line number="449" hits="0" branch="False" />
            <line number="450" hits="0" branch="False" />
            <line number="451" hits="0" branch="False" />
            <line number="452" hits="0" branch="False" />
            <line number="453" hits="0" branch="False" />
            <line number="454" hits="0" branch="False" />
            <line number="455" hits="0" branch="False" />
            <line number="456" hits="0" branch="False" />
            <line number="459" hits="0" branch="False" />
            <line number="460" hits="0" branch="False" />
            <line number="461" hits="0" branch="False" />
            <line number="462" hits="0" branch="False" />
            <line number="463" hits="0" branch="False" />
            <line number="464" hits="0" branch="False" />
            <line number="465" hits="0" branch="False" />
            <line number="466" hits="0" branch="False" />
            <line number="467" hits="0" branch="False" />
            <line number="470" hits="0" branch="False" />
            <line number="476" hits="0" branch="False" />
            <line number="477" hits="0" branch="False" />
            <line number="478" hits="0" branch="False" />
            <line number="479" hits="0" branch="False" />
            <line number="480" hits="0" branch="False" />
            <line number="481" hits="0" branch="False" />
            <line number="482" hits="0" branch="False" />
            <line number="483" hits="0" branch="False" />
            <line number="484" hits="0" branch="False" />
            <line number="485" hits="0" branch="False" />
            <line number="486" hits="0" branch="False" />
            <line number="487" hits="0" branch="False" />
            <line number="488" hits="0" branch="False" />
            <line number="489" hits="0" branch="False" />
            <line number="490" hits="0" branch="False" />
            <line number="491" hits="0" branch="False" />
            <line number="492" hits="0" branch="False" />
            <line number="493" hits="0" branch="False" />
            <line number="494" hits="0" branch="False" />
            <line number="495" hits="0" branch="False" />
            <line number="498" hits="0" branch="False" />
            <line number="500" hits="0" branch="False" />
            <line number="501" hits="0" branch="False" />
            <line number="502" hits="0" branch="False" />
            <line number="503" hits="0" branch="False" />
            <line number="505" hits="0" branch="False" />
            <line number="693" hits="0" branch="False" />
            <line number="694" hits="0" branch="False" />
            <line number="695" hits="0" branch="False" />
            <line number="28" hits="7" branch="False" />
            <line number="29" hits="7" branch="False" />
            <line number="37" hits="7" branch="False" />
            <line number="38" hits="7" branch="False" />
            <line number="39" hits="7" branch="False" />
            <line number="40" hits="7" branch="False" />
            <line number="41" hits="7" branch="False" />
            <line number="42" hits="7" branch="False" />
            <line number="43" hits="7" branch="False" />
            <line number="44" hits="7" branch="False" />
            <line number="45" hits="7" branch="False" />
            <line number="46" hits="7" branch="False" />
            <line number="47" hits="7" branch="False" />
            <line number="48" hits="7" branch="False" />
          </lines>
        </class>
        <class name="PriceFeed.Infrastructure.Services.BatchProcessingService/&lt;&gt;c" filename="PriceFeed.Infrastructure/Services/BatchProcessingService.cs" line-rate="1" branch-rate="1" complexity="8">
          <methods>
            <method name="&lt;ProcessBatchAsync&gt;b__7_1" signature="(PriceFeed.Core.Models.AggregatedPriceData)" line-rate="1" branch-rate="1" complexity="1">
              <lines>
                <line number="83" hits="112" branch="False" />
              </lines>
            </method>
            <method name="&lt;ProcessBatchAsync&gt;b__7_2" signature="(PriceFeed.Core.Models.AggregatedPriceData)" line-rate="1" branch-rate="1" complexity="1">
              <lines>
                <line number="84" hits="112" branch="False" />
              </lines>
            </method>
            <method name="&lt;ProcessBatchAsync&gt;b__7_3" signature="(PriceFeed.Core.Models.AggregatedPriceData)" line-rate="1" branch-rate="1" complexity="1">
              <lines>
                <line number="85" hits="112" branch="False" />
              </lines>
            </method>
            <method name="&lt;ProcessBatchAsync&gt;b__7_4" signature="(PriceFeed.Core.Models.AggregatedPriceData)" line-rate="1" branch-rate="1" complexity="1">
              <lines>
                <line number="86" hits="112" branch="False" />
              </lines>
            </method>
            <method name="&lt;ProcessBatchAsync&gt;b__7_5" signature="(System.String)" line-rate="1" branch-rate="1" complexity="1">
              <lines>
                <line number="122" hits="105" branch="False" />
              </lines>
            </method>
            <method name="&lt;ProcessBatchAsync&gt;b__7_6" signature="(System.Int64)" line-rate="1" branch-rate="1" complexity="1">
              <lines>
                <line number="123" hits="105" branch="False" />
              </lines>
            </method>
            <method name="&lt;ProcessBatchAsync&gt;b__7_7" signature="(System.Int64)" line-rate="1" branch-rate="1" complexity="1">
              <lines>
                <line number="124" hits="105" branch="False" />
              </lines>
            </method>
            <method name="&lt;ProcessBatchAsync&gt;b__7_8" signature="(System.Int64)" line-rate="1" branch-rate="1" complexity="1">
              <lines>
                <line number="125" hits="105" branch="False" />
              </lines>
            </method>
          </methods>
          <lines>
            <line number="83" hits="112" branch="False" />
            <line number="84" hits="112" branch="False" />
            <line number="85" hits="112" branch="False" />
            <line number="86" hits="112" branch="False" />
            <line number="122" hits="105" branch="False" />
            <line number="123" hits="105" branch="False" />
            <line number="124" hits="105" branch="False" />
            <line number="125" hits="105" branch="False" />
          </lines>
        </class>
        <class name="PriceFeed.Infrastructure.Services.BatchProcessingService/&lt;&gt;c__DisplayClass7_0" filename="PriceFeed.Infrastructure/Services/BatchProcessingService.cs" line-rate="1" branch-rate="1" complexity="1">
          <methods>
            <method name="&lt;ProcessBatchAsync&gt;b__0" signature="()" line-rate="1" branch-rate="1" complexity="1">
              <lines>
                <line number="232" hits="4" branch="False" />
              </lines>
            </method>
          </methods>
          <lines>
            <line number="232" hits="4" branch="False" />
          </lines>
        </class>
        <class name="PriceFeed.Infrastructure.Services.BatchProcessingService/&lt;CheckAndTransferTeeAssetsAsync&gt;d__12" filename="PriceFeed.Infrastructure/Services/BatchProcessingService.cs" line-rate="0.2575" branch-rate="0.23800000000000002" complexity="84">
          <methods>
            <method name="MoveNext" signature="()" line-rate="0.2575" branch-rate="0.23800000000000002" complexity="84">
              <lines>
                <line number="512" hits="6" branch="False" />
                <line number="514" hits="6" branch="False" />
                <line number="515" hits="6" branch="False" />
                <line number="518" hits="6" branch="True" condition-coverage="50% (2/4)">
                  <conditions>
                    <condition number="148" type="jump" coverage="50%" />
                    <condition number="176" type="jump" coverage="50%" />
                  </conditions>
                </line>
                <line number="519" hits="0" branch="False" />
                <line number="520" hits="0" branch="False" />
                <line number="521" hits="0" branch="False" />
                <line number="524" hits="6" branch="True" condition-coverage="50% (2/4)">
                  <conditions>
                    <condition number="234" type="jump" coverage="50%" />
                    <condition number="262" type="jump" coverage="50%" />
                  </conditions>
                </line>
                <line number="525" hits="0" branch="False" />
                <line number="526" hits="0" branch="False" />
                <line number="527" hits="0" branch="False" />
                <line number="531" hits="6" branch="False" />
                <line number="532" hits="6" branch="False" />
                <line number="533" hits="6" branch="False" />
                <line number="534" hits="6" branch="False" />
                <line number="535" hits="6" branch="False" />
                <line number="536" hits="6" branch="False" />
                <line number="537" hits="6" branch="False" />
                <line number="540" hits="6" branch="False" />
                <line number="541" hits="6" branch="False" />
                <line number="543" hits="5" branch="True" condition-coverage="100% (2/2)">
                  <conditions>
                    <condition number="541" type="jump" coverage="100%" />
                  </conditions>
                </line>
                <line number="544" hits="1" branch="False" />
                <line number="545" hits="1" branch="False" />
                <line number="546" hits="1" branch="False" />
                <line number="549" hits="4" branch="False" />
                <line number="550" hits="4" branch="False" />
                <line number="553" hits="4" branch="False" />
                <line number="554" hits="4" branch="False" />
                <line number="555" hits="4" branch="False" />
                <line number="556" hits="4" branch="False" />
                <line number="558" hits="4" branch="True" condition-coverage="85.71% (12/14)">
                  <conditions>
                    <condition number="792" type="jump" coverage="100%" />
                    <condition number="860" type="jump" coverage="100%" />
                    <condition number="943" type="jump" coverage="50%" />
                    <condition number="956" type="jump" coverage="100%" />
                    <condition number="1033" type="jump" coverage="100%" />
                    <condition number="1043" type="jump" coverage="100%" />
                    <condition number="1131" type="jump" coverage="50%" />
                  </conditions>
                </line>
                <line number="559" hits="0" branch="False" />
                <line number="560" hits="0" branch="True" condition-coverage="0% (0/8)">
                  <conditions>
                    <condition number="1144" type="jump" coverage="0%" />
                    <condition number="1204" type="jump" coverage="0%" />
                    <condition number="1275" type="jump" coverage="0%" />
                    <condition number="1846" type="jump" coverage="0%" />
                  </conditions>
                </line>
                <line number="561" hits="0" branch="False" />
                <line number="562" hits="0" branch="True" condition-coverage="0% (0/4)">
                  <conditions>
                    <condition number="1401" type="jump" coverage="0%" />
                    <condition number="1461" type="jump" coverage="0%" />
                  </conditions>
                </line>
                <line number="563" hits="0" branch="True" condition-coverage="0% (0/4)">
                  <conditions>
                    <condition number="1554" type="jump" coverage="0%" />
                    <condition number="1615" type="jump" coverage="0%" />
                  </conditions>
                </line>
                <line number="565" hits="0" branch="True" condition-coverage="0% (0/2)">
                  <conditions>
                    <condition number="1722" type="jump" coverage="0%" />
                  </conditions>
                </line>
                <line number="566" hits="0" branch="False" />
                <line number="567" hits="0" branch="False" />
                <line number="568" hits="0" branch="False" />
                <line number="569" hits="0" branch="False" />
                <line number="570" hits="0" branch="True" condition-coverage="0% (0/2)">
                  <conditions>
                    <condition number="1782" type="jump" coverage="0%" />
                  </conditions>
                </line>
                <line number="571" hits="0" branch="False" />
                <line number="572" hits="0" branch="False" />
                <line number="573" hits="0" branch="False" />
                <line number="574" hits="0" branch="False" />
                <line number="575" hits="0" branch="False" />
                <line number="576" hits="0" branch="False" />
                <line number="579" hits="4" branch="True" condition-coverage="50% (2/4)">
                  <conditions>
                    <condition number="1897" type="jump" coverage="50%" />
                    <condition number="1915" type="jump" coverage="50%" />
                  </conditions>
                </line>
                <line number="580" hits="4" branch="False" />
                <line number="581" hits="4" branch="False" />
                <line number="582" hits="4" branch="False" />
                <line number="585" hits="0" branch="False" />
                <line number="588" hits="0" branch="False" />
                <line number="590" hits="0" branch="True" condition-coverage="0% (0/2)">
                  <conditions>
                    <condition number="2025" type="jump" coverage="0%" />
                  </conditions>
                </line>
                <line number="591" hits="0" branch="False" />
                <line number="593" hits="0" branch="False" />
                <line number="594" hits="0" branch="False" />
                <line number="595" hits="0" branch="False" />
                <line number="596" hits="0" branch="False" />
                <line number="597" hits="0" branch="False" />
                <line number="598" hits="0" branch="False" />
                <line number="599" hits="0" branch="False" />
                <line number="600" hits="0" branch="False" />
                <line number="601" hits="0" branch="False" />
                <line number="602" hits="0" branch="False" />
                <line number="603" hits="0" branch="False" />
                <line number="604" hits="0" branch="False" />
                <line number="605" hits="0" branch="False" />
                <line number="608" hits="0" branch="False" />
                <line number="609" hits="0" branch="False" />
                <line number="611" hits="0" branch="True" condition-coverage="0% (0/2)">
                  <conditions>
                    <condition number="2311" type="jump" coverage="0%" />
                  </conditions>
                </line>
                <line number="612" hits="0" branch="False" />
                <line number="613" hits="0" branch="False" />
                <line number="614" hits="0" branch="False" />
                <line number="616" hits="0" branch="True" condition-coverage="0% (0/12)">
                  <conditions>
                    <condition number="2474" type="jump" coverage="0%" />
                    <condition number="2539" type="jump" coverage="0%" />
                    <condition number="2552" type="jump" coverage="0%" />
                    <condition number="2629" type="jump" coverage="0%" />
                    <condition number="2639" type="jump" coverage="0%" />
                    <condition number="2713" type="jump" coverage="0%" />
                  </conditions>
                </line>
                <line number="618" hits="0" branch="True" condition-coverage="0% (0/2)">
                  <conditions>
                    <condition number="2749" type="jump" coverage="0%" />
                  </conditions>
                </line>
                <line number="619" hits="0" branch="False" />
                <line number="620" hits="0" branch="False" />
                <line number="621" hits="0" branch="False" />
                <line number="622" hits="0" branch="False" />
                <line number="623" hits="0" branch="False" />
                <line number="625" hits="0" branch="False" />
                <line number="626" hits="0" branch="False" />
                <line number="627" hits="0" branch="False" />
                <line number="628" hits="0" branch="False" />
                <line number="630" hits="0" branch="False" />
                <line number="631" hits="0" branch="False" />
                <line number="632" hits="0" branch="False" />
                <line number="633" hits="0" branch="False" />
                <line number="635" hits="0" branch="True" condition-coverage="0% (0/2)">
                  <conditions>
                    <condition number="2919" type="jump" coverage="0%" />
                  </conditions>
                </line>
                <line number="636" hits="0" branch="False" />
                <line number="638" hits="0" branch="False" />
                <line number="639" hits="0" branch="False" />
                <line number="640" hits="0" branch="False" />
                <line number="641" hits="0" branch="False" />
                <line number="642" hits="0" branch="False" />
                <line number="643" hits="0" branch="False" />
                <line number="644" hits="0" branch="False" />
                <line number="645" hits="0" branch="False" />
                <line number="646" hits="0" branch="False" />
                <line number="647" hits="0" branch="False" />
                <line number="648" hits="0" branch="False" />
                <line number="649" hits="0" branch="False" />
                <line number="650" hits="0" branch="False" />
                <line number="653" hits="0" branch="False" />
                <line number="654" hits="0" branch="False" />
                <line number="656" hits="0" branch="True" condition-coverage="0% (0/2)">
                  <conditions>
                    <condition number="3205" type="jump" coverage="0%" />
                  </conditions>
                </line>
                <line number="657" hits="0" branch="False" />
                <line number="658" hits="0" branch="False" />
                <line number="659" hits="0" branch="False" />
                <line number="661" hits="0" branch="True" condition-coverage="0% (0/12)">
                  <conditions>
                    <condition number="3368" type="jump" coverage="0%" />
                    <condition number="3433" type="jump" coverage="0%" />
                    <condition number="3446" type="jump" coverage="0%" />
                    <condition number="3523" type="jump" coverage="0%" />
                    <condition number="3533" type="jump" coverage="0%" />
                    <condition number="3607" type="jump" coverage="0%" />
                  </conditions>
                </line>
                <line number="663" hits="0" branch="True" condition-coverage="0% (0/2)">
                  <conditions>
                    <condition number="3643" type="jump" coverage="0%" />
                  </conditions>
                </line>
                <line number="664" hits="0" branch="False" />
                <line number="665" hits="0" branch="False" />
                <line number="666" hits="0" branch="False" />
                <line number="667" hits="0" branch="False" />
                <line number="668" hits="0" branch="False" />
                <line number="670" hits="0" branch="False" />
                <line number="671" hits="0" branch="False" />
                <line number="672" hits="0" branch="False" />
                <line number="673" hits="0" branch="False" />
                <line number="675" hits="0" branch="False" />
                <line number="676" hits="0" branch="False" />
                <line number="677" hits="0" branch="False" />
                <line number="678" hits="0" branch="False" />
                <line number="680" hits="0" branch="False" />
                <line number="682" hits="1" branch="False" />
                <line number="683" hits="1" branch="False" />
                <line number="684" hits="1" branch="False" />
                <line number="685" hits="1" branch="False" />
                <line number="687" hits="6" branch="False" />
              </lines>
            </method>
          </methods>
          <lines>
            <line number="512" hits="6" branch="False" />
            <line number="514" hits="6" branch="False" />
            <line number="515" hits="6" branch="False" />
            <line number="518" hits="6" branch="True" condition-coverage="50% (2/4)">
              <conditions>
                <condition number="148" type="jump" coverage="50%" />
                <condition number="176" type="jump" coverage="50%" />
              </conditions>
            </line>
            <line number="519" hits="0" branch="False" />
            <line number="520" hits="0" branch="False" />
            <line number="521" hits="0" branch="False" />
            <line number="524" hits="6" branch="True" condition-coverage="50% (2/4)">
              <conditions>
                <condition number="234" type="jump" coverage="50%" />
                <condition number="262" type="jump" coverage="50%" />
              </conditions>
            </line>
            <line number="525" hits="0" branch="False" />
            <line number="526" hits="0" branch="False" />
            <line number="527" hits="0" branch="False" />
            <line number="531" hits="6" branch="False" />
            <line number="532" hits="6" branch="False" />
            <line number="533" hits="6" branch="False" />
            <line number="534" hits="6" branch="False" />
            <line number="535" hits="6" branch="False" />
            <line number="536" hits="6" branch="False" />
            <line number="537" hits="6" branch="False" />
            <line number="540" hits="6" branch="False" />
            <line number="541" hits="6" branch="False" />
            <line number="543" hits="5" branch="True" condition-coverage="100% (2/2)">
              <conditions>
                <condition number="541" type="jump" coverage="100%" />
              </conditions>
            </line>
            <line number="544" hits="1" branch="False" />
            <line number="545" hits="1" branch="False" />
            <line number="546" hits="1" branch="False" />
            <line number="549" hits="4" branch="False" />
            <line number="550" hits="4" branch="False" />
            <line number="553" hits="4" branch="False" />
            <line number="554" hits="4" branch="False" />
            <line number="555" hits="4" branch="False" />
            <line number="556" hits="4" branch="False" />
            <line number="558" hits="4" branch="True" condition-coverage="85.71% (12/14)">
              <conditions>
                <condition number="792" type="jump" coverage="100%" />
                <condition number="860" type="jump" coverage="100%" />
                <condition number="943" type="jump" coverage="50%" />
                <condition number="956" type="jump" coverage="100%" />
                <condition number="1033" type="jump" coverage="100%" />
                <condition number="1043" type="jump" coverage="100%" />
                <condition number="1131" type="jump" coverage="50%" />
              </conditions>
            </line>
            <line number="559" hits="0" branch="False" />
            <line number="560" hits="0" branch="True" condition-coverage="0% (0/8)">
              <conditions>
                <condition number="1144" type="jump" coverage="0%" />
                <condition number="1204" type="jump" coverage="0%" />
                <condition number="1275" type="jump" coverage="0%" />
                <condition number="1846" type="jump" coverage="0%" />
              </conditions>
            </line>
            <line number="561" hits="0" branch="False" />
            <line number="562" hits="0" branch="True" condition-coverage="0% (0/4)">
              <conditions>
                <condition number="1401" type="jump" coverage="0%" />
                <condition number="1461" type="jump" coverage="0%" />
              </conditions>
            </line>
            <line number="563" hits="0" branch="True" condition-coverage="0% (0/4)">
              <conditions>
                <condition number="1554" type="jump" coverage="0%" />
                <condition number="1615" type="jump" coverage="0%" />
              </conditions>
            </line>
            <line number="565" hits="0" branch="True" condition-coverage="0% (0/2)">
              <conditions>
                <condition number="1722" type="jump" coverage="0%" />
              </conditions>
            </line>
            <line number="566" hits="0" branch="False" />
            <line number="567" hits="0" branch="False" />
            <line number="568" hits="0" branch="False" />
            <line number="569" hits="0" branch="False" />
            <line number="570" hits="0" branch="True" condition-coverage="0% (0/2)">
              <conditions>
                <condition number="1782" type="jump" coverage="0%" />
              </conditions>
            </line>
            <line number="571" hits="0" branch="False" />
            <line number="572" hits="0" branch="False" />
            <line number="573" hits="0" branch="False" />
            <line number="574" hits="0" branch="False" />
            <line number="575" hits="0" branch="False" />
            <line number="576" hits="0" branch="False" />
            <line number="579" hits="4" branch="True" condition-coverage="50% (2/4)">
              <conditions>
                <condition number="1897" type="jump" coverage="50%" />
                <condition number="1915" type="jump" coverage="50%" />
              </conditions>
            </line>
            <line number="580" hits="4" branch="False" />
            <line number="581" hits="4" branch="False" />
            <line number="582" hits="4" branch="False" />
            <line number="585" hits="0" branch="False" />
            <line number="588" hits="0" branch="False" />
            <line number="590" hits="0" branch="True" condition-coverage="0% (0/2)">
              <conditions>
                <condition number="2025" type="jump" coverage="0%" />
              </conditions>
            </line>
            <line number="591" hits="0" branch="False" />
            <line number="593" hits="0" branch="False" />
            <line number="594" hits="0" branch="False" />
            <line number="595" hits="0" branch="False" />
            <line number="596" hits="0" branch="False" />
            <line number="597" hits="0" branch="False" />
            <line number="598" hits="0" branch="False" />
            <line number="599" hits="0" branch="False" />
            <line number="600" hits="0" branch="False" />
            <line number="601" hits="0" branch="False" />
            <line number="602" hits="0" branch="False" />
            <line number="603" hits="0" branch="False" />
            <line number="604" hits="0" branch="False" />
            <line number="605" hits="0" branch="False" />
            <line number="608" hits="0" branch="False" />
            <line number="609" hits="0" branch="False" />
            <line number="611" hits="0" branch="True" condition-coverage="0% (0/2)">
              <conditions>
                <condition number="2311" type="jump" coverage="0%" />
              </conditions>
            </line>
            <line number="612" hits="0" branch="False" />
            <line number="613" hits="0" branch="False" />
            <line number="614" hits="0" branch="False" />
            <line number="616" hits="0" branch="True" condition-coverage="0% (0/12)">
              <conditions>
                <condition number="2474" type="jump" coverage="0%" />
                <condition number="2539" type="jump" coverage="0%" />
                <condition number="2552" type="jump" coverage="0%" />
                <condition number="2629" type="jump" coverage="0%" />
                <condition number="2639" type="jump" coverage="0%" />
                <condition number="2713" type="jump" coverage="0%" />
              </conditions>
            </line>
            <line number="618" hits="0" branch="True" condition-coverage="0% (0/2)">
              <conditions>
                <condition number="2749" type="jump" coverage="0%" />
              </conditions>
            </line>
            <line number="619" hits="0" branch="False" />
            <line number="620" hits="0" branch="False" />
            <line number="621" hits="0" branch="False" />
            <line number="622" hits="0" branch="False" />
            <line number="623" hits="0" branch="False" />
            <line number="625" hits="0" branch="False" />
            <line number="626" hits="0" branch="False" />
            <line number="627" hits="0" branch="False" />
            <line number="628" hits="0" branch="False" />
            <line number="630" hits="0" branch="False" />
            <line number="631" hits="0" branch="False" />
            <line number="632" hits="0" branch="False" />
            <line number="633" hits="0" branch="False" />
            <line number="635" hits="0" branch="True" condition-coverage="0% (0/2)">
              <conditions>
                <condition number="2919" type="jump" coverage="0%" />
              </conditions>
            </line>
            <line number="636" hits="0" branch="False" />
            <line number="638" hits="0" branch="False" />
            <line number="639" hits="0" branch="False" />
            <line number="640" hits="0" branch="False" />
            <line number="641" hits="0" branch="False" />
            <line number="642" hits="0" branch="False" />
            <line number="643" hits="0" branch="False" />
            <line number="644" hits="0" branch="False" />
            <line number="645" hits="0" branch="False" />
            <line number="646" hits="0" branch="False" />
            <line number="647" hits="0" branch="False" />
            <line number="648" hits="0" branch="False" />
            <line number="649" hits="0" branch="False" />
            <line number="650" hits="0" branch="False" />
            <line number="653" hits="0" branch="False" />
            <line number="654" hits="0" branch="False" />
            <line number="656" hits="0" branch="True" condition-coverage="0% (0/2)">
              <conditions>
                <condition number="3205" type="jump" coverage="0%" />
              </conditions>
            </line>
            <line number="657" hits="0" branch="False" />
            <line number="658" hits="0" branch="False" />
            <line number="659" hits="0" branch="False" />
            <line number="661" hits="0" branch="True" condition-coverage="0% (0/12)">
              <conditions>
                <condition number="3368" type="jump" coverage="0%" />
                <condition number="3433" type="jump" coverage="0%" />
                <condition number="3446" type="jump" coverage="0%" />
                <condition number="3523" type="jump" coverage="0%" />
                <condition number="3533" type="jump" coverage="0%" />
                <condition number="3607" type="jump" coverage="0%" />
              </conditions>
            </line>
            <line number="663" hits="0" branch="True" condition-coverage="0% (0/2)">
              <conditions>
                <condition number="3643" type="jump" coverage="0%" />
              </conditions>
            </line>
            <line number="664" hits="0" branch="False" />
            <line number="665" hits="0" branch="False" />
            <line number="666" hits="0" branch="False" />
            <line number="667" hits="0" branch="False" />
            <line number="668" hits="0" branch="False" />
            <line number="670" hits="0" branch="False" />
            <line number="671" hits="0" branch="False" />
            <line number="672" hits="0" branch="False" />
            <line number="673" hits="0" branch="False" />
            <line number="675" hits="0" branch="False" />
            <line number="676" hits="0" branch="False" />
            <line number="677" hits="0" branch="False" />
            <line number="678" hits="0" branch="False" />
            <line number="680" hits="0" branch="False" />
            <line number="682" hits="1" branch="False" />
            <line number="683" hits="1" branch="False" />
            <line number="684" hits="1" branch="False" />
            <line number="685" hits="1" branch="False" />
            <line number="687" hits="6" branch="False" />
          </lines>
        </class>
[...]
            <line number="21" hits="228" branch="False" />
            <line number="26" hits="135" branch="False" />
            <line number="31" hits="11" branch="False" />
            <line number="36" hits="238" branch="False" />
          </lines>
        </class>
        <class name="PriceFeed.Core.Models.AttestationData" filename="PriceFeed.Core/Models/AttestationData.cs" line-rate="1" branch-rate="1" complexity="6">
          <methods>
            <method name="get_AttestationType" signature="()" line-rate="1" branch-rate="1" complexity="1">
              <lines>
                <line number="15" hits="8" branch="False" />
              </lines>
            </method>
            <method name="get_GitHubRepository" signature="()" line-rate="1" branch-rate="1" complexity="1">
              <lines>
                <line number="20" hits="38" branch="False" />
              </lines>
            </method>
            <method name="get_GitHubWorkflow" signature="()" line-rate="1" branch-rate="1" complexity="1">
              <lines>
                <line number="25" hits="14" branch="False" />
              </lines>
            </method>
            <method name="get_GitHubRunId" signature="()" line-rate="1" branch-rate="1" complexity="1">
              <lines>
                <line number="30" hits="14" branch="False" />
              </lines>
            </method>
            <method name="get_GitHubRunNumber" signature="()" line-rate="1" branch-rate="1" complexity="1">
              <lines>
                <line number="35" hits="14" branch="False" />
              </lines>
            </method>
            <method name="get_Signature" signature="()" line-rate="1" branch-rate="1" complexity="1">
              <lines>
                <line number="41" hits="10" branch="False" />
              </lines>
            </method>
          </methods>
          <lines>
            <line number="15" hits="8" branch="False" />
            <line number="20" hits="38" branch="False" />
            <line number="25" hits="14" branch="False" />
            <line number="30" hits="14" branch="False" />
            <line number="35" hits="14" branch="False" />
            <line number="41" hits="10" branch="False" />
          </lines>
        </class>
        <class name="PriceFeed.Core.Models.AccountAttestationData" filename="PriceFeed.Core/Models/AttestationData.cs" line-rate="1" branch-rate="0.6666" complexity="23">
          <methods>
            <method name="get_AccountAddress" signature="()" line-rate="1" branch-rate="1" complexity="1">
              <lines>
                <line number="52" hits="5" branch="False" />
              </lines>
            </method>
            <method name="get_AccountPublicKey" signature="()" line-rate="1" branch-rate="1" complexity="1">
              <lines>
                <line number="57" hits="5" branch="False" />
              </lines>
            </method>
            <method name="get_CreatedAt" signature="()" line-rate="1" branch-rate="1" complexity="1">
              <lines>
                <line number="62" hits="7" branch="False" />
              </lines>
            </method>
            <method name="get_RunId" signature="()" line-rate="1" branch-rate="1" complexity="1">
              <lines>
                <line number="67" hits="2" branch="False" />
              </lines>
            </method>
            <method name="set_RunId" signature="(System.String)" line-rate="1" branch-rate="1" complexity="1">
              <lines>
                <line number="68" hits="2" branch="False" />
              </lines>
            </method>
            <method name="get_RunNumber" signature="()" line-rate="1" branch-rate="1" complexity="1">
              <lines>
                <line number="73" hits="2" branch="False" />
              </lines>
            </method>
            <method name="set_RunNumber" signature="(System.String)" line-rate="1" branch-rate="1" complexity="1">
              <lines>
                <line number="74" hits="2" branch="False" />
              </lines>
            </method>
            <method name="get_RepoOwner" signature="()" line-rate="1" branch-rate="0.5" complexity="4">
              <lines>
                <line number="79" hits="6" branch="True" condition-coverage="50% (2/4)">
                  <conditions>
                    <condition number="7" type="jump" coverage="50%" />
                    <condition number="25" type="jump" coverage="50%" />
                  </conditions>
                </line>
              </lines>
            </method>
            <method name="set_RepoOwner" signature="(System.String)" line-rate="1" branch-rate="0.5" complexity="2">
              <lines>
                <line number="80" hits="2" branch="True" condition-coverage="50% (1/2)">
                  <conditions>
                    <condition number="18" type="jump" coverage="50%" />
                  </conditions>
                </line>
              </lines>
            </method>
            <method name="get_RepoName" signature="()" line-rate="1" branch-rate="1" complexity="4">
              <lines>
                <line number="85" hits="4" branch="True" condition-coverage="100% (4/4)">
                  <conditions>
                    <condition number="7" type="jump" coverage="100%" />
                    <condition number="26" type="jump" coverage="100%" />
                  </conditions>
                </line>
              </lines>
            </method>
            <method name="set_RepoName" signature="(System.String)" line-rate="1" branch-rate="0.5" complexity="2">
              <lines>
                <line number="86" hits="2" branch="True" condition-coverage="50% (1/2)">
                  <conditions>
                    <condition number="17" type="jump" coverage="50%" />
                  </conditions>
                </line>
              </lines>
            </method>
            <method name="get_Workflow" signature="()" line-rate="1" branch-rate="1" complexity="1">
              <lines>
                <line number="91" hits="2" branch="False" />
              </lines>
            </method>
            <method name="set_Workflow" signature="(System.String)" line-rate="1" branch-rate="1" complexity="1">
              <lines>
                <line number="92" hits="2" branch="False" />
              </lines>
            </method>
            <method name="get_Timestamp" signature="()" line-rate="1" branch-rate="1" complexity="1">
              <lines>
                <line number="97" hits="2" branch="False" />
              </lines>
            </method>
            <method name="set_Timestamp" signature="(System.String)" line-rate="1" branch-rate="1" complexity="1">
              <lines>
                <line number="98" hits="2" branch="False" />
              </lines>
            </method>
          </methods>
          <lines>
            <line number="52" hits="5" branch="False" />
            <line number="57" hits="5" branch="False" />
            <line number="62" hits="7" branch="False" />
            <line number="67" hits="2" branch="False" />
            <line number="68" hits="2" branch="False" />
            <line number="73" hits="2" branch="False" />
            <line number="74" hits="2" branch="False" />
            <line number="79" hits="6" branch="True" condition-coverage="50% (2/4)">
              <conditions>
                <condition number="7" type="jump" coverage="50%" />
                <condition number="25" type="jump" coverage="50%" />
              </conditions>
            </line>
            <line number="80" hits="2" branch="True" condition-coverage="50% (1/2)">
              <conditions>
                <condition number="18" type="jump" coverage="50%" />
              </conditions>
            </line>
            <line number="85" hits="4" branch="True" condition-coverage="100% (4/4)">
              <conditions>
                <condition number="7" type="jump" coverage="100%" />
                <condition number="26" type="jump" coverage="100%" />
              </conditions>
            </line>
            <line number="86" hits="2" branch="True" condition-coverage="50% (1/2)">
              <conditions>
                <condition number="17" type="jump" coverage="50%" />
              </conditions>
            </line>
            <line number="91" hits="2" branch="False" />
            <line number="92" hits="2" branch="False" />
            <line number="97" hits="2" branch="False" />
            <line number="98" hits="2" branch="False" />
          </lines>
        </class>
        <class name="PriceFeed.Core.Models.PriceFeedAttestationData" filename="PriceFeed.Core/Models/AttestationData.cs" line-rate="0.6666" branch-rate="0.3333" complexity="23">
          <methods>
            <method name="get_BatchId" signature="()" line-rate="1" branch-rate="1" complexity="1">
              <lines>
                <line number="110" hits="3" branch="False" />
              </lines>
            </method>
            <method name="get_TransactionHash" signature="()" line-rate="1" branch-rate="1" complexity="1">
              <lines>
                <line number="115" hits="3" branch="False" />
              </lines>
            </method>
            <method name="get_PriceCount" signature="()" line-rate="1" branch-rate="1" complexity="1">
              <lines>
                <line number="120" hits="3" branch="False" />
              </lines>
            </method>
            <method name="get_Timestamp" signature="()" line-rate="1" branch-rate="1" complexity="1">
              <lines>
                <line number="125" hits="3" branch="False" />
              </lines>
            </method>
            <method name="get_PriceSummaries" signature="()" line-rate="1" branch-rate="1" complexity="1">
              <lines>
                <line number="130" hits="4" branch="False" />
              </lines>
            </method>
            <method name="get_RunId" signature="()" line-rate="1" branch-rate="1" complexity="1">
              <lines>
                <line number="135" hits="2" branch="False" />
              </lines>
            </method>
            <method name="set_RunId" signature="(System.String)" line-rate="0" branch-rate="1" complexity="1">
              <lines>
                <line number="136" hits="0" branch="False" />
              </lines>
            </method>
            <method name="get_RunNumber" signature="()" line-rate="1" branch-rate="1" complexity="1">
              <lines>
                <line number="141" hits="2" branch="False" />
              </lines>
            </method>
            <method name="set_RunNumber" signature="(System.String)" line-rate="0" branch-rate="1" complexity="1">
              <lines>
                <line number="142" hits="0" branch="False" />
              </lines>
            </method>
            <method name="get_RepoOwner" signature="()" line-rate="1" branch-rate="0.5" complexity="4">
              <lines>
                <line number="147" hits="2" branch="True" condition-coverage="50% (2/4)">
                  <conditions>
                    <condition number="7" type="jump" coverage="50%" />
                    <condition number="25" type="jump" coverage="50%" />
                  </conditions>
                </line>
              </lines>
            </method>
            <method name="set_RepoOwner" signature="(System.String)" line-rate="0" branch-rate="0" complexity="2">
              <lines>
                <line number="148" hits="0" branch="True" condition-coverage="0% (0/2)">
                  <conditions>
                    <condition number="18" type="jump" coverage="0%" />
                  </conditions>
                </line>
              </lines>
            </method>
            <method name="get_RepoName" signature="()" line-rate="1" branch-rate="0.5" complexity="4">
              <lines>
                <line number="153" hits="2" branch="True" condition-coverage="50% (2/4)">
                  <conditions>
                    <condition number="7" type="jump" coverage="50%" />
                    <condition number="26" type="jump" coverage="50%" />
                  </conditions>
                </line>
              </lines>
            </method>
            <method name="set_RepoName" signature="(System.String)" line-rate="0" branch-rate="0" complexity="2">
              <lines>
                <line number="154" hits="0" branch="True" condition-coverage="0% (0/2)">
                  <conditions>
                    <condition number="17" type="jump" coverage="0%" />
                  </conditions>
                </line>
              </lines>
            </method>
            <method name="get_Workflow" signature="()" line-rate="1" branch-rate="1" complexity="1">
              <lines>
                <line number="159" hits="2" branch="False" />
              </lines>
            </method>
            <method name="set_Workflow" signature="(System.String)" line-rate="0" branch-rate="1" complexity="1">
              <lines>
                <line number="160" hits="0" branch="False" />
              </lines>
            </method>
          </methods>
          <lines>
            <line number="110" hits="3" branch="False" />
            <line number="115" hits="3" branch="False" />
            <line number="120" hits="3" branch="False" />
            <line number="125" hits="3" branch="False" />
            <line number="130" hits="4" branch="False" />
            <line number="135" hits="2" branch="False" />
            <line number="136" hits="0" branch="False" />
            <line number="141" hits="2" branch="False" />
            <line number="142" hits="0" branch="False" />
            <line number="147" hits="2" branch="True" condition-coverage="50% (2/4)">
              <conditions>
                <condition number="7" type="jump" coverage="50%" />
                <condition number="25" type="jump" coverage="50%" />
              </conditions>
            </line>
            <line number="148" hits="0" branch="True" condition-coverage="0% (0/2)">
              <conditions>
                <condition number="18" type="jump" coverage="0%" />
              </conditions>
            </line>
            <line number="153" hits="2" branch="True" condition-coverage="50% (2/4)">
              <conditions>
                <condition number="7" type="jump" coverage="50%" />
                <condition number="26" type="jump" coverage="50%" />
              </conditions>
            </line>
            <line number="154" hits="0" branch="True" condition-coverage="0% (0/2)">
              <conditions>
                <condition number="17" type="jump" coverage="0%" />
              </conditions>
            </line>
            <line number="159" hits="2" branch="False" />
            <line number="160" hits="0" branch="False" />
          </lines>
        </class>
        <class name="PriceFeed.Core.Models.PriceSummary" filename="PriceFeed.Core/Models/AttestationData.cs" line-rate="1" branch-rate="1" complexity="3">
          <methods>
            <method name="get_Symbol" signature="()" line-rate="1" branch-rate="1" complexity="1">
              <lines>
                <line number="172" hits="3" branch="False" />
              </lines>
            </method>
            <method name="get_Price" signature="()" line-rate="1" branch-rate="1" complexity="1">
              <lines>
                <line number="177" hits="3" branch="False" />
              </lines>
            </method>
            <method name="get_ConfidenceScore" signature="()" line-rate="1" branch-rate="1" complexity="1">
              <lines>
                <line number="182" hits="3" branch="False" />
              </lines>
            </method>
          </methods>
          <lines>
            <line number="172" hits="3" branch="False" />
            <line number="177" hits="3" branch="False" />
            <line number="182" hits="3" branch="False" />
          </lines>
        </class>
        <class name="PriceFeed.Core.Models.PriceBatch" filename="PriceFeed.Core/Models/PriceBatch.cs" line-rate="0.6" branch-rate="1" complexity="5">
          <methods>
            <method name="get_BatchId" signature="()" line-rate="1" branch-rate="1" complexity="1">
              <lines>
                <line number="11" hits="51" branch="False" />
              </lines>
            </method>
            <method name="get_Timestamp" signature="()" line-rate="1" branch-rate="1" complexity="1">
              <lines>
                <line number="16" hits="28" branch="False" />
              </lines>
            </method>
            <method name="get_Prices" signature="()" line-rate="1" branch-rate="1" complexity="1">
              <lines>
                <line number="21" hits="103" branch="False" />
              </lines>
            </method>
            <method name="get_PricesData" signature="()" line-rate="0" branch-rate="1" complexity="1">
              <lines>
                <line number="28" hits="0" branch="False" />
              </lines>
            </method>
            <method name="set_PricesData" signature="(System.Collections.Generic.List`1&lt;PriceFeed.Core.Models.AggregatedPriceData&gt;)" line-rate="0" branch-rate="1" complexity="1">
              <lines>
                <line number="29" hits="0" branch="False" />
              </lines>
            </method>
          </methods>
          <lines>
            <line number="11" hits="51" branch="False" />
            <line number="16" hits="28" branch="False" />
            <line number="21" hits="103" branch="False" />
            <line number="28" hits="0" branch="False" />
            <line number="29" hits="0" branch="False" />
          </lines>
        </class>
        <class name="PriceFeed.Core.Models.PriceData" filename="PriceFeed.Core/Models/PriceData.cs" line-rate="1" branch-rate="1" complexity="6">
          <methods>
            <method name="get_Symbol" signature="()" line-rate="1" branch-rate="1" complexity="1">
              <lines>
                <line number="11" hits="182" branch="False" />
              </lines>
            </method>
            <method name="get_Price" signature="()" line-rate="1" branch-rate="1" complexity="1">
              <lines>
                <line number="16" hits="174" branch="False" />
              </lines>
            </method>
            <method name="get_Source" signature="()" line-rate="1" branch-rate="1" complexity="1">
              <lines>
                <line number="21" hits="102" branch="False" />
              </lines>
            </method>
            <method name="get_Timestamp" signature="()" line-rate="1" branch-rate="1" complexity="1">
              <lines>
                <line number="26" hits="48" branch="False" />
              </lines>
            </method>
            <method name="get_Volume" signature="()" line-rate="1" branch-rate="1" complexity="1">
              <lines>
                <line number="31" hits="17" branch="False" />
              </lines>
            </method>
            <method name="get_Metadata" signature="()" line-rate="1" branch-rate="1" complexity="1">
              <lines>
                <line number="36" hits="73" branch="False" />
              </lines>
            </method>
          </methods>
          <lines>
            <line number="11" hits="182" branch="False" />
            <line number="16" hits="174" branch="False" />
            <line number="21" hits="102" branch="False" />
            <line number="26" hits="48" branch="False" />
            <line number="31" hits="17" branch="False" />
            <line number="36" hits="73" branch="False" />
          </lines>
        </class>
      </classes>
    </package>
  </packages>
</coverage>